f:\source\repos\ghost_repos\ghostpp-ufw\ghost\vc143.pdb
f:\source\repos\ghost_repos\ghostpp-ufw\ghost\vc143.idb
f:\source\repos\ghost_repos\ghostpp-ufw\ghost\gameprotocol.obj
f:\source\repos\ghost_repos\ghostpp-ufw\ghost\gameslot.obj
f:\source\repos\ghost_repos\ghostpp-ufw\ghost\game_admin.obj
f:\source\repos\ghost_repos\ghostpp-ufw\ghost\game_base.obj
f:\source\repos\ghost_repos\ghostpp-ufw\ghost\ghost.obj
f:\source\repos\ghost_repos\ghostpp-ufw\ghost\ghostdb.obj
f:\source\repos\ghost_repos\ghostpp-ufw\ghost\ghostdbmysql.obj
f:\source\repos\ghost_repos\ghostpp-ufw\ghost\ghostdbsqlite.obj
f:\source\repos\ghost_repos\ghostpp-ufw\ghost\gpsprotocol.obj
f:\source\repos\ghost_repos\ghostpp-ufw\ghost\language.obj
f:\source\repos\ghost_repos\ghostpp-ufw\ghost\map.obj
f:\source\repos\ghost_repos\ghostpp-ufw\ghost\packed.obj
f:\source\repos\ghost_repos\ghostpp-ufw\ghost\replay.obj
f:\source\repos\ghost_repos\ghostpp-ufw\ghost\savegame.obj
f:\source\repos\ghost_repos\ghostpp-ufw\ghost\sha1.obj
f:\source\repos\ghost_repos\ghostpp-ufw\ghost\socket.obj
f:\source\repos\ghost_repos\ghostpp-ufw\ghost\stats.obj
f:\source\repos\ghost_repos\ghostpp-ufw\ghost\statsdota.obj
f:\source\repos\ghost_repos\ghostpp-ufw\ghost\statsw3mmd.obj
f:\source\repos\ghost_repos\ghostpp-ufw\ghost\util.obj
f:\source\repos\ghost_repos\ghostpp-ufw\ghost\bncsutilinterface.obj
f:\source\repos\ghost_repos\ghostpp-ufw\ghost\bnet.obj
f:\source\repos\ghost_repos\ghostpp-ufw\ghost\bnetprotocol.obj
f:\source\repos\ghost_repos\ghostpp-ufw\ghost\bnlsclient.obj
f:\source\repos\ghost_repos\ghostpp-ufw\ghost\bnlsprotocol.obj
f:\source\repos\ghost_repos\ghostpp-ufw\ghost\commandpacket.obj
f:\source\repos\ghost_repos\ghostpp-ufw\ghost\config.obj
f:\source\repos\ghost_repos\ghostpp-ufw\ghost\crc32.obj
f:\source\repos\ghost_repos\ghostpp-ufw\ghost\csvparser.obj
f:\source\repos\ghost_repos\ghostpp-ufw\ghost\elorating.obj
f:\source\repos\ghost_repos\ghostpp-ufw\ghost\game.obj
f:\source\repos\ghost_repos\ghostpp-ufw\ghost\gameplayer.obj
f:\source\repos\ghost_repos\ghostpp-ufw\ghost\sqlite3.obj
f:\source\repos\ghost_repos\ghostpp-ufw\ghost\ghost.ilk
f:\source\repos\ghost_repos\ghostpp-ufw\ghost.exe
f:\source\repos\ghost_repos\ghostpp-ufw\debug mysql\ghost.pdb
f:\source\repos\ghost_repos\ghostpp-ufw\ghost\ghost.tlog\cl.command.1.tlog
f:\source\repos\ghost_repos\ghostpp-ufw\ghost\ghost.tlog\cl.read.1.tlog
f:\source\repos\ghost_repos\ghostpp-ufw\ghost\ghost.tlog\cl.write.1.tlog
f:\source\repos\ghost_repos\ghostpp-ufw\ghost\ghost.tlog\link.command.1.tlog
f:\source\repos\ghost_repos\ghostpp-ufw\ghost\ghost.tlog\link.read.1.tlog
f:\source\repos\ghost_repos\ghostpp-ufw\ghost\ghost.tlog\link.write.1.tlog
